00:19:36.863 [HikariPool-1 housekeeper] WARN  com.zaxxer.hikari.pool.HikariPool - HikariPool-1 - Thread starvation or clock leap detected (housekeeper delta=1h15m52s167ms656µs500ns).
02:10:43.997 [HikariPool-1 housekeeper] WARN  com.zaxxer.hikari.pool.HikariPool - HikariPool-1 - Thread starvation or clock leap detected (housekeeper delta=1h20m6s382ms468µs400ns).
02:16:08.167 [File Watcher] INFO  o.s.b.d.a.LocalDevToolsAutoConfiguration$RestartingClassPathChangeChangedEventListener - Restarting due to 38 class path changes (0 additions, 5 deletions, 33 modifications)
02:16:08.509 [Thread-5] INFO  o.a.catalina.core.StandardService - Stopping service [Tomcat]
02:16:09.283 [Thread-5] INFO  o.s.o.j.LocalContainerEntityManagerFactoryBean - Closing JPA EntityManagerFactory for persistence unit 'default'
02:16:09.566 [Thread-5] INFO  com.zaxxer.hikari.HikariDataSource - HikariPool-1 - Shutdown initiated...
02:16:09.600 [Thread-5] INFO  com.zaxxer.hikari.HikariDataSource - HikariPool-1 - Shutdown completed.
02:16:13.156 [restartedMain] INFO  P.PolyHealthCenterApplication - Starting PolyHealthCenterApplication using Java 17.0.7 with PID 1460 (C:\Users\Micro\Desktop\PolyHealthCenter\PolyHealthCenter\target\classes started by Micro in C:\Users\Micro\Desktop\PolyHealthCenter\PolyHealthCenter)
02:16:13.157 [restartedMain] INFO  P.PolyHealthCenterApplication - No active profile set, falling back to 1 default profile: "default"
02:16:14.025 [restartedMain] INFO  o.s.d.r.c.RepositoryConfigurationDelegate - Bootstrapping Spring Data JPA repositories in DEFAULT mode.
02:16:14.064 [restartedMain] INFO  o.s.d.r.c.RepositoryConfigurationDelegate - Finished Spring Data repository scanning in 38 ms. Found 5 JPA repository interfaces.
02:16:14.467 [restartedMain] INFO  o.s.b.w.e.tomcat.TomcatWebServer - Tomcat initialized with port(s): 8080 (http)
02:16:14.473 [restartedMain] INFO  o.a.catalina.core.StandardService - Starting service [Tomcat]
02:16:14.473 [restartedMain] INFO  o.a.catalina.core.StandardEngine - Starting Servlet engine: [Apache Tomcat/10.1.10]
02:16:14.529 [restartedMain] INFO  o.a.c.c.C.[Tomcat-1].[localhost].[/] - Initializing Spring embedded WebApplicationContext
02:16:14.529 [restartedMain] INFO  o.s.b.w.s.c.ServletWebServerApplicationContext - Root WebApplicationContext: initialization completed in 1357 ms
02:16:15.437 [restartedMain] INFO  o.h.jpa.internal.util.LogHelper - HHH000204: Processing PersistenceUnitInfo [name: default]
02:16:15.449 [restartedMain] INFO  o.h.b.i.BytecodeProviderInitiator - HHH000021: Bytecode provider name : bytebuddy
02:16:15.449 [restartedMain] INFO  o.s.o.j.p.SpringPersistenceUnitInfo - No LoadTimeWeaver setup: ignoring JPA class transformer
02:16:15.451 [restartedMain] INFO  com.zaxxer.hikari.HikariDataSource - HikariPool-2 - Starting...
02:16:15.565 [restartedMain] INFO  com.zaxxer.hikari.pool.HikariPool - HikariPool-2 - Added connection org.postgresql.jdbc.PgConnection@3a65e704
02:16:15.566 [restartedMain] INFO  com.zaxxer.hikari.HikariDataSource - HikariPool-2 - Start completed.
02:16:15.626 [restartedMain] WARN  o.h.b.i.SessionFactoryOptionsBuilder - Unrecognized hibernate.hbm2ddl.auto value: 'drop-and-create'.  Supported values include 'create', 'create-drop', 'create-only', 'drop', 'update', 'none' and 'validate'.  Ignoring
02:16:15.627 [restartedMain] INFO  o.h.b.i.BytecodeProviderInitiator - HHH000021: Bytecode provider name : bytebuddy
02:16:15.916 [restartedMain] INFO  o.h.e.t.j.p.i.JtaPlatformInitiator - HHH000490: Using JtaPlatform implementation: [org.hibernate.engine.transaction.jta.platform.internal.NoJtaPlatform]
02:16:16.120 [restartedMain] INFO  o.s.o.j.LocalContainerEntityManagerFactoryBean - Initialized JPA EntityManagerFactory for persistence unit 'default'
02:16:16.674 [restartedMain] WARN  o.s.b.a.o.j.JpaBaseConfiguration$JpaWebConfiguration - spring.jpa.open-in-view is enabled by default. Therefore, database queries may be performed during view rendering. Explicitly configure spring.jpa.open-in-view to disable this warning
02:16:16.968 [restartedMain] WARN  o.s.b.a.s.s.UserDetailsServiceAutoConfiguration - 

Using generated security password: cbac998c-f644-49f0-8207-7a06d61fd865

This generated password is for development use only. Your security configuration must be updated before running your application in production.

02:16:16.992 [restartedMain] INFO  o.s.s.web.DefaultSecurityFilterChain - Will secure any request with [org.springframework.security.web.session.DisableEncodeUrlFilter@dc20e8e, org.springframework.security.web.context.request.async.WebAsyncManagerIntegrationFilter@41f956b, org.springframework.security.web.context.SecurityContextHolderFilter@357f22d2, org.springframework.security.web.header.HeaderWriterFilter@67381f13, org.springframework.security.web.csrf.CsrfFilter@575b01a0, org.springframework.security.web.authentication.logout.LogoutFilter@7da8562c, org.springframework.security.web.authentication.UsernamePasswordAuthenticationFilter@50a40644, org.springframework.security.web.authentication.ui.DefaultLoginPageGeneratingFilter@4c14bf0f, org.springframework.security.web.authentication.ui.DefaultLogoutPageGeneratingFilter@7479258a, org.springframework.security.web.authentication.www.BasicAuthenticationFilter@adfe6a7, org.springframework.security.web.savedrequest.RequestCacheAwareFilter@3a2663dc, org.springframework.security.web.servletapi.SecurityContextHolderAwareRequestFilter@6b73f5f5, org.springframework.security.web.authentication.AnonymousAuthenticationFilter@1e60f7c, org.springframework.security.web.access.ExceptionTranslationFilter@2baf4568, org.springframework.security.web.access.intercept.AuthorizationFilter@2f64d613]
02:16:17.009 [restartedMain] INFO  o.s.b.d.a.OptionalLiveReloadServer - LiveReload server is running on port 35729
02:16:17.036 [restartedMain] INFO  o.s.b.w.e.tomcat.TomcatWebServer - Tomcat started on port(s): 8080 (http) with context path ''
02:16:17.047 [restartedMain] INFO  P.PolyHealthCenterApplication - Started PolyHealthCenterApplication in 4.255 seconds (process running for 15578.14)
02:16:22.941 [File Watcher] INFO  o.s.b.d.a.LocalDevToolsAutoConfiguration$RestartingClassPathChangeChangedEventListener - Restarting due to 1 class path change (0 additions, 0 deletions, 1 modification)
02:16:23.086 [Thread-7] INFO  o.a.catalina.core.StandardService - Stopping service [Tomcat]
02:16:23.127 [Thread-7] INFO  o.s.o.j.LocalContainerEntityManagerFactoryBean - Closing JPA EntityManagerFactory for persistence unit 'default'
02:16:23.131 [Thread-7] INFO  com.zaxxer.hikari.HikariDataSource - HikariPool-2 - Shutdown initiated...
02:16:23.185 [Thread-7] INFO  com.zaxxer.hikari.HikariDataSource - HikariPool-2 - Shutdown completed.
02:16:23.404 [restartedMain] INFO  P.PolyHealthCenterApplication - Starting PolyHealthCenterApplication using Java 17.0.7 with PID 1460 (C:\Users\Micro\Desktop\PolyHealthCenter\PolyHealthCenter\target\classes started by Micro in C:\Users\Micro\Desktop\PolyHealthCenter\PolyHealthCenter)
02:16:23.405 [restartedMain] INFO  P.PolyHealthCenterApplication - No active profile set, falling back to 1 default profile: "default"
02:16:23.876 [restartedMain] INFO  o.s.d.r.c.RepositoryConfigurationDelegate - Bootstrapping Spring Data JPA repositories in DEFAULT mode.
02:16:23.931 [restartedMain] INFO  o.s.d.r.c.RepositoryConfigurationDelegate - Finished Spring Data repository scanning in 54 ms. Found 5 JPA repository interfaces.
02:16:24.415 [restartedMain] INFO  o.s.b.w.e.tomcat.TomcatWebServer - Tomcat initialized with port(s): 8080 (http)
02:16:24.417 [restartedMain] INFO  o.a.catalina.core.StandardService - Starting service [Tomcat]
02:16:24.419 [restartedMain] INFO  o.a.catalina.core.StandardEngine - Starting Servlet engine: [Apache Tomcat/10.1.10]
02:16:24.471 [restartedMain] INFO  o.a.c.c.C.[Tomcat-1].[localhost].[/] - Initializing Spring embedded WebApplicationContext
02:16:24.473 [restartedMain] INFO  o.s.b.w.s.c.ServletWebServerApplicationContext - Root WebApplicationContext: initialization completed in 1063 ms
02:16:24.591 [restartedMain] INFO  o.h.jpa.internal.util.LogHelper - HHH000204: Processing PersistenceUnitInfo [name: default]
02:16:24.613 [restartedMain] INFO  o.h.b.i.BytecodeProviderInitiator - HHH000021: Bytecode provider name : bytebuddy
02:16:24.613 [restartedMain] INFO  o.s.o.j.p.SpringPersistenceUnitInfo - No LoadTimeWeaver setup: ignoring JPA class transformer
02:16:24.614 [restartedMain] INFO  com.zaxxer.hikari.HikariDataSource - HikariPool-3 - Starting...
02:16:24.983 [restartedMain] INFO  com.zaxxer.hikari.pool.HikariPool - HikariPool-3 - Added connection org.postgresql.jdbc.PgConnection@4ed5f4b8
02:16:24.984 [restartedMain] INFO  com.zaxxer.hikari.HikariDataSource - HikariPool-3 - Start completed.
02:16:25.045 [restartedMain] WARN  o.h.b.i.SessionFactoryOptionsBuilder - Unrecognized hibernate.hbm2ddl.auto value: 'drop-and-create'.  Supported values include 'create', 'create-drop', 'create-only', 'drop', 'update', 'none' and 'validate'.  Ignoring
02:16:25.047 [restartedMain] INFO  o.h.b.i.BytecodeProviderInitiator - HHH000021: Bytecode provider name : bytebuddy
02:16:25.391 [restartedMain] INFO  o.h.e.t.j.p.i.JtaPlatformInitiator - HHH000490: Using JtaPlatform implementation: [org.hibernate.engine.transaction.jta.platform.internal.NoJtaPlatform]
02:16:25.645 [restartedMain] INFO  o.s.o.j.LocalContainerEntityManagerFactoryBean - Initialized JPA EntityManagerFactory for persistence unit 'default'
02:16:26.575 [restartedMain] WARN  o.s.b.a.o.j.JpaBaseConfiguration$JpaWebConfiguration - spring.jpa.open-in-view is enabled by default. Therefore, database queries may be performed during view rendering. Explicitly configure spring.jpa.open-in-view to disable this warning
02:16:26.918 [restartedMain] WARN  o.s.b.a.s.s.UserDetailsServiceAutoConfiguration - 

Using generated security password: 107b7a63-097a-4a69-8e29-3c6b662c9781

This generated password is for development use only. Your security configuration must be updated before running your application in production.

02:16:26.958 [restartedMain] INFO  o.s.s.web.DefaultSecurityFilterChain - Will secure any request with [org.springframework.security.web.session.DisableEncodeUrlFilter@2d1aafa0, org.springframework.security.web.context.request.async.WebAsyncManagerIntegrationFilter@429aeda7, org.springframework.security.web.context.SecurityContextHolderFilter@13d7674, org.springframework.security.web.header.HeaderWriterFilter@123d4244, org.springframework.security.web.csrf.CsrfFilter@5683f794, org.springframework.security.web.authentication.logout.LogoutFilter@53025cae, org.springframework.security.web.authentication.UsernamePasswordAuthenticationFilter@39848421, org.springframework.security.web.authentication.ui.DefaultLoginPageGeneratingFilter@29c9384e, org.springframework.security.web.authentication.ui.DefaultLogoutPageGeneratingFilter@5fa2cc59, org.springframework.security.web.authentication.www.BasicAuthenticationFilter@78a25893, org.springframework.security.web.savedrequest.RequestCacheAwareFilter@484b1e90, org.springframework.security.web.servletapi.SecurityContextHolderAwareRequestFilter@519e7f5b, org.springframework.security.web.authentication.AnonymousAuthenticationFilter@35ae71fe, org.springframework.security.web.access.ExceptionTranslationFilter@656f9466, org.springframework.security.web.access.intercept.AuthorizationFilter@11afc80c]
02:16:27.020 [restartedMain] INFO  o.s.b.d.a.OptionalLiveReloadServer - LiveReload server is running on port 35729
02:16:27.060 [restartedMain] INFO  o.s.b.w.e.tomcat.TomcatWebServer - Tomcat started on port(s): 8080 (http) with context path ''
02:16:27.074 [restartedMain] INFO  P.PolyHealthCenterApplication - Started PolyHealthCenterApplication in 3.717 seconds (process running for 15588.167)
02:17:28.868 [File Watcher] INFO  o.s.b.d.a.LocalDevToolsAutoConfiguration$RestartingClassPathChangeChangedEventListener - Restarting due to 1 class path change (0 additions, 0 deletions, 1 modification)
02:17:28.892 [Thread-14] INFO  o.a.catalina.core.StandardService - Stopping service [Tomcat]
02:17:28.900 [Thread-14] INFO  o.s.o.j.LocalContainerEntityManagerFactoryBean - Closing JPA EntityManagerFactory for persistence unit 'default'
02:17:28.901 [Thread-14] INFO  com.zaxxer.hikari.HikariDataSource - HikariPool-3 - Shutdown initiated...
02:17:28.916 [Thread-14] INFO  com.zaxxer.hikari.HikariDataSource - HikariPool-3 - Shutdown completed.
02:17:29.069 [restartedMain] INFO  P.PolyHealthCenterApplication - Starting PolyHealthCenterApplication using Java 17.0.7 with PID 1460 (C:\Users\Micro\Desktop\PolyHealthCenter\PolyHealthCenter\target\classes started by Micro in C:\Users\Micro\Desktop\PolyHealthCenter\PolyHealthCenter)
02:17:29.070 [restartedMain] INFO  P.PolyHealthCenterApplication - No active profile set, falling back to 1 default profile: "default"
02:17:29.341 [restartedMain] INFO  o.s.d.r.c.RepositoryConfigurationDelegate - Bootstrapping Spring Data JPA repositories in DEFAULT mode.
02:17:29.368 [restartedMain] INFO  o.s.d.r.c.RepositoryConfigurationDelegate - Finished Spring Data repository scanning in 26 ms. Found 5 JPA repository interfaces.
02:17:29.571 [restartedMain] INFO  o.s.b.w.e.tomcat.TomcatWebServer - Tomcat initialized with port(s): 8080 (http)
02:17:29.572 [restartedMain] INFO  o.a.catalina.core.StandardService - Starting service [Tomcat]
02:17:29.573 [restartedMain] INFO  o.a.catalina.core.StandardEngine - Starting Servlet engine: [Apache Tomcat/10.1.10]
02:17:29.613 [restartedMain] INFO  o.a.c.c.C.[Tomcat-1].[localhost].[/] - Initializing Spring embedded WebApplicationContext
02:17:29.614 [restartedMain] INFO  o.s.b.w.s.c.ServletWebServerApplicationContext - Root WebApplicationContext: initialization completed in 541 ms
02:17:29.698 [restartedMain] INFO  o.h.jpa.internal.util.LogHelper - HHH000204: Processing PersistenceUnitInfo [name: default]
02:17:29.730 [restartedMain] INFO  o.h.b.i.BytecodeProviderInitiator - HHH000021: Bytecode provider name : bytebuddy
02:17:29.736 [restartedMain] INFO  o.s.o.j.p.SpringPersistenceUnitInfo - No LoadTimeWeaver setup: ignoring JPA class transformer
02:17:29.742 [restartedMain] INFO  com.zaxxer.hikari.HikariDataSource - HikariPool-4 - Starting...
02:17:29.938 [restartedMain] INFO  com.zaxxer.hikari.pool.HikariPool - HikariPool-4 - Added connection org.postgresql.jdbc.PgConnection@30d3f315
02:17:29.938 [restartedMain] INFO  com.zaxxer.hikari.HikariDataSource - HikariPool-4 - Start completed.
02:17:29.993 [restartedMain] WARN  o.h.b.i.SessionFactoryOptionsBuilder - Unrecognized hibernate.hbm2ddl.auto value: 'drop-and-create'.  Supported values include 'create', 'create-drop', 'create-only', 'drop', 'update', 'none' and 'validate'.  Ignoring
02:17:29.994 [restartedMain] INFO  o.h.b.i.BytecodeProviderInitiator - HHH000021: Bytecode provider name : bytebuddy
02:17:30.135 [restartedMain] INFO  o.h.e.t.j.p.i.JtaPlatformInitiator - HHH000490: Using JtaPlatform implementation: [org.hibernate.engine.transaction.jta.platform.internal.NoJtaPlatform]
02:17:30.302 [restartedMain] INFO  o.s.o.j.LocalContainerEntityManagerFactoryBean - Initialized JPA EntityManagerFactory for persistence unit 'default'
02:17:30.877 [restartedMain] WARN  o.s.b.a.o.j.JpaBaseConfiguration$JpaWebConfiguration - spring.jpa.open-in-view is enabled by default. Therefore, database queries may be performed during view rendering. Explicitly configure spring.jpa.open-in-view to disable this warning
02:17:31.109 [restartedMain] WARN  o.s.b.a.s.s.UserDetailsServiceAutoConfiguration - 

Using generated security password: d0584d2a-2c77-46a9-86cf-627c3a85d84b

This generated password is for development use only. Your security configuration must be updated before running your application in production.

02:17:31.137 [restartedMain] INFO  o.s.s.web.DefaultSecurityFilterChain - Will secure any request with [org.springframework.security.web.session.DisableEncodeUrlFilter@55e38474, org.springframework.security.web.context.request.async.WebAsyncManagerIntegrationFilter@7b610d17, org.springframework.security.web.context.SecurityContextHolderFilter@54515757, org.springframework.security.web.header.HeaderWriterFilter@16a17317, org.springframework.security.web.csrf.CsrfFilter@3dadf892, org.springframework.security.web.authentication.logout.LogoutFilter@dc1822a, org.springframework.security.web.authentication.UsernamePasswordAuthenticationFilter@1dd53376, org.springframework.security.web.authentication.ui.DefaultLoginPageGeneratingFilter@72b7217, org.springframework.security.web.authentication.ui.DefaultLogoutPageGeneratingFilter@4f9bdf8e, org.springframework.security.web.authentication.www.BasicAuthenticationFilter@1c043234, org.springframework.security.web.savedrequest.RequestCacheAwareFilter@66a5c27, org.springframework.security.web.servletapi.SecurityContextHolderAwareRequestFilter@1a8f839a, org.springframework.security.web.authentication.AnonymousAuthenticationFilter@7233d1db, org.springframework.security.web.access.ExceptionTranslationFilter@404b9656, org.springframework.security.web.access.intercept.AuthorizationFilter@37533fe0]
02:17:31.154 [restartedMain] INFO  o.s.b.d.a.OptionalLiveReloadServer - LiveReload server is running on port 35729
02:17:31.183 [restartedMain] INFO  o.s.b.w.e.tomcat.TomcatWebServer - Tomcat started on port(s): 8080 (http) with context path ''
02:17:31.194 [restartedMain] INFO  P.PolyHealthCenterApplication - Started PolyHealthCenterApplication in 2.161 seconds (process running for 15652.287)
02:17:31.204 [restartedMain] INFO  o.s.b.a.l.ConditionEvaluationReportLogger - 

Error starting ApplicationContext. To display the condition evaluation report re-run your application with 'debug' enabled.
02:17:31.212 [restartedMain] ERROR o.s.boot.SpringApplication - Application run failed
java.lang.Error: Unresolved compilation problem: 
	repo cannot be resolved

	at PolyHealthCenter.runner.PrenotazioneRunner.setSedi(PrenotazioneRunner.java:130) ~[classes/:na]
	at PolyHealthCenter.runner.PrenotazioneRunner.run(PrenotazioneRunner.java:41) ~[classes/:na]
	at org.springframework.boot.SpringApplication.callRunner(SpringApplication.java:762) ~[spring-boot-3.1.1.jar:3.1.1]
	at org.springframework.boot.SpringApplication.callRunners(SpringApplication.java:752) ~[spring-boot-3.1.1.jar:3.1.1]
	at org.springframework.boot.SpringApplication.run(SpringApplication.java:319) ~[spring-boot-3.1.1.jar:3.1.1]
	at org.springframework.boot.SpringApplication.run(SpringApplication.java:1306) ~[spring-boot-3.1.1.jar:3.1.1]
	at org.springframework.boot.SpringApplication.run(SpringApplication.java:1295) ~[spring-boot-3.1.1.jar:3.1.1]
	at PolyHealthCenter.PolyHealthCenterApplication.main(PolyHealthCenterApplication.java:10) ~[classes/:na]
	at java.base/jdk.internal.reflect.NativeMethodAccessorImpl.invoke0(Native Method) ~[na:na]
	at java.base/jdk.internal.reflect.NativeMethodAccessorImpl.invoke(NativeMethodAccessorImpl.java:77) ~[na:na]
	at java.base/jdk.internal.reflect.DelegatingMethodAccessorImpl.invoke(DelegatingMethodAccessorImpl.java:43) ~[na:na]
	at java.base/java.lang.reflect.Method.invoke(Method.java:568) ~[na:na]
	at org.springframework.boot.devtools.restart.RestartLauncher.run(RestartLauncher.java:50) ~[spring-boot-devtools-3.1.1.jar:3.1.1]
02:17:31.252 [restartedMain] INFO  o.s.o.j.LocalContainerEntityManagerFactoryBean - Closing JPA EntityManagerFactory for persistence unit 'default'
02:17:31.252 [restartedMain] INFO  com.zaxxer.hikari.HikariDataSource - HikariPool-4 - Shutdown initiated...
02:17:31.347 [restartedMain] INFO  com.zaxxer.hikari.HikariDataSource - HikariPool-4 - Shutdown completed.
02:18:22.369 [restartedMain] INFO  P.PolyHealthCenterApplication - Starting PolyHealthCenterApplication using Java 17.0.7 with PID 1460 (C:\Users\Micro\Desktop\PolyHealthCenter\PolyHealthCenter\target\classes started by Micro in C:\Users\Micro\Desktop\PolyHealthCenter\PolyHealthCenter)
02:18:22.370 [restartedMain] INFO  P.PolyHealthCenterApplication - No active profile set, falling back to 1 default profile: "default"
02:18:22.745 [restartedMain] INFO  o.s.d.r.c.RepositoryConfigurationDelegate - Bootstrapping Spring Data JPA repositories in DEFAULT mode.
02:18:22.771 [restartedMain] INFO  o.s.d.r.c.RepositoryConfigurationDelegate - Finished Spring Data repository scanning in 25 ms. Found 5 JPA repository interfaces.
02:18:22.928 [restartedMain] INFO  o.s.b.w.e.tomcat.TomcatWebServer - Tomcat initialized with port(s): 8080 (http)
02:18:22.929 [restartedMain] INFO  o.a.catalina.core.StandardService - Starting service [Tomcat]
02:18:22.929 [restartedMain] INFO  o.a.catalina.core.StandardEngine - Starting Servlet engine: [Apache Tomcat/10.1.10]
02:18:22.961 [restartedMain] INFO  o.a.c.c.C.[Tomcat-1].[localhost].[/] - Initializing Spring embedded WebApplicationContext
02:18:22.961 [restartedMain] INFO  o.s.b.w.s.c.ServletWebServerApplicationContext - Root WebApplicationContext: initialization completed in 587 ms
02:18:23.019 [restartedMain] INFO  o.h.jpa.internal.util.LogHelper - HHH000204: Processing PersistenceUnitInfo [name: default]
02:18:23.032 [restartedMain] INFO  o.h.b.i.BytecodeProviderInitiator - HHH000021: Bytecode provider name : bytebuddy
02:18:23.032 [restartedMain] INFO  o.s.o.j.p.SpringPersistenceUnitInfo - No LoadTimeWeaver setup: ignoring JPA class transformer
02:18:23.035 [restartedMain] INFO  com.zaxxer.hikari.HikariDataSource - HikariPool-5 - Starting...
02:18:23.169 [restartedMain] INFO  com.zaxxer.hikari.pool.HikariPool - HikariPool-5 - Added connection org.postgresql.jdbc.PgConnection@b21eb9b
02:18:23.169 [restartedMain] INFO  com.zaxxer.hikari.HikariDataSource - HikariPool-5 - Start completed.
02:18:23.239 [restartedMain] WARN  o.h.b.i.SessionFactoryOptionsBuilder - Unrecognized hibernate.hbm2ddl.auto value: 'drop-and-create'.  Supported values include 'create', 'create-drop', 'create-only', 'drop', 'update', 'none' and 'validate'.  Ignoring
02:18:23.240 [restartedMain] INFO  o.h.b.i.BytecodeProviderInitiator - HHH000021: Bytecode provider name : bytebuddy
02:18:23.432 [restartedMain] INFO  o.h.e.t.j.p.i.JtaPlatformInitiator - HHH000490: Using JtaPlatform implementation: [org.hibernate.engine.transaction.jta.platform.internal.NoJtaPlatform]
02:18:23.628 [restartedMain] INFO  o.s.o.j.LocalContainerEntityManagerFactoryBean - Initialized JPA EntityManagerFactory for persistence unit 'default'
02:18:24.310 [restartedMain] WARN  o.s.b.a.o.j.JpaBaseConfiguration$JpaWebConfiguration - spring.jpa.open-in-view is enabled by default. Therefore, database queries may be performed during view rendering. Explicitly configure spring.jpa.open-in-view to disable this warning
02:18:24.476 [restartedMain] WARN  o.s.b.a.s.s.UserDetailsServiceAutoConfiguration - 

Using generated security password: 49a57faf-dc75-4552-bf2d-97219cf779b1

This generated password is for development use only. Your security configuration must be updated before running your application in production.

02:18:24.506 [restartedMain] INFO  o.s.s.web.DefaultSecurityFilterChain - Will secure any request with [org.springframework.security.web.session.DisableEncodeUrlFilter@19a11bf7, org.springframework.security.web.context.request.async.WebAsyncManagerIntegrationFilter@d8d7610, org.springframework.security.web.context.SecurityContextHolderFilter@5128b072, org.springframework.security.web.header.HeaderWriterFilter@383cb108, org.springframework.security.web.csrf.CsrfFilter@4ec5c7b9, org.springframework.security.web.authentication.logout.LogoutFilter@44270e3b, org.springframework.security.web.authentication.UsernamePasswordAuthenticationFilter@7cffd6b0, org.springframework.security.web.authentication.ui.DefaultLoginPageGeneratingFilter@63f49d5a, org.springframework.security.web.authentication.ui.DefaultLogoutPageGeneratingFilter@fc57b47, org.springframework.security.web.authentication.www.BasicAuthenticationFilter@d549c2, org.springframework.security.web.savedrequest.RequestCacheAwareFilter@31304de1, org.springframework.security.web.servletapi.SecurityContextHolderAwareRequestFilter@3e9dcf70, org.springframework.security.web.authentication.AnonymousAuthenticationFilter@2574a824, org.springframework.security.web.access.ExceptionTranslationFilter@3e563e81, org.springframework.security.web.access.intercept.AuthorizationFilter@5348fe05]
02:18:24.528 [restartedMain] INFO  o.s.b.d.a.OptionalLiveReloadServer - LiveReload server is running on port 35729
02:18:24.555 [restartedMain] INFO  o.s.b.w.e.tomcat.TomcatWebServer - Tomcat started on port(s): 8080 (http) with context path ''
02:18:24.568 [restartedMain] INFO  P.PolyHealthCenterApplication - Started PolyHealthCenterApplication in 2.262 seconds (process running for 15705.661)
02:18:28.092 [RMI TCP Connection(12)-127.0.0.1] INFO  o.s.b.a.SpringApplicationAdminMXBeanRegistrar$SpringApplicationAdmin - Application shutdown requested.
02:18:28.145 [RMI TCP Connection(12)-127.0.0.1] INFO  o.a.catalina.core.StandardService - Stopping service [Tomcat]
02:18:28.162 [RMI TCP Connection(12)-127.0.0.1] INFO  o.s.o.j.LocalContainerEntityManagerFactoryBean - Closing JPA EntityManagerFactory for persistence unit 'default'
02:18:28.167 [RMI TCP Connection(12)-127.0.0.1] INFO  com.zaxxer.hikari.HikariDataSource - HikariPool-5 - Shutdown initiated...
02:18:28.202 [RMI TCP Connection(12)-127.0.0.1] INFO  com.zaxxer.hikari.HikariDataSource - HikariPool-5 - Shutdown completed.
02:18:46.725 [restartedMain] INFO  P.PolyHealthCenterApplication - Starting PolyHealthCenterApplication using Java 17.0.7 with PID 25716 (C:\Users\Micro\Desktop\PolyHealthCenter\PolyHealthCenter\target\classes started by Micro in C:\Users\Micro\Desktop\PolyHealthCenter\PolyHealthCenter)
02:18:46.729 [restartedMain] INFO  P.PolyHealthCenterApplication - No active profile set, falling back to 1 default profile: "default"
02:18:46.817 [restartedMain] INFO  o.s.b.d.e.DevToolsPropertyDefaultsPostProcessor - Devtools property defaults active! Set 'spring.devtools.add-properties' to 'false' to disable
02:18:46.817 [restartedMain] INFO  o.s.b.d.e.DevToolsPropertyDefaultsPostProcessor - For additional web related logging consider setting the 'logging.level.web' property to 'DEBUG'
02:18:48.047 [restartedMain] INFO  o.s.d.r.c.RepositoryConfigurationDelegate - Bootstrapping Spring Data JPA repositories in DEFAULT mode.
02:18:48.202 [restartedMain] INFO  o.s.d.r.c.RepositoryConfigurationDelegate - Finished Spring Data repository scanning in 137 ms. Found 5 JPA repository interfaces.
02:18:49.658 [restartedMain] INFO  o.s.b.w.e.tomcat.TomcatWebServer - Tomcat initialized with port(s): 8080 (http)
02:18:49.680 [restartedMain] INFO  o.a.catalina.core.StandardService - Starting service [Tomcat]
02:18:49.681 [restartedMain] INFO  o.a.catalina.core.StandardEngine - Starting Servlet engine: [Apache Tomcat/10.1.10]
02:18:49.850 [restartedMain] INFO  o.a.c.c.C.[Tomcat].[localhost].[/] - Initializing Spring embedded WebApplicationContext
02:18:49.850 [restartedMain] INFO  o.s.b.w.s.c.ServletWebServerApplicationContext - Root WebApplicationContext: initialization completed in 3032 ms
02:18:50.210 [restartedMain] INFO  o.h.jpa.internal.util.LogHelper - HHH000204: Processing PersistenceUnitInfo [name: default]
02:18:50.393 [restartedMain] INFO  org.hibernate.Version - HHH000412: Hibernate ORM core version 6.2.5.Final
02:18:50.398 [restartedMain] INFO  org.hibernate.cfg.Environment - HHH000406: Using bytecode reflection optimizer
02:18:50.722 [restartedMain] INFO  o.h.b.i.BytecodeProviderInitiator - HHH000021: Bytecode provider name : bytebuddy
02:18:51.047 [restartedMain] INFO  o.s.o.j.p.SpringPersistenceUnitInfo - No LoadTimeWeaver setup: ignoring JPA class transformer
02:18:51.074 [restartedMain] INFO  com.zaxxer.hikari.HikariDataSource - HikariPool-1 - Starting...
02:18:51.479 [restartedMain] INFO  com.zaxxer.hikari.pool.HikariPool - HikariPool-1 - Added connection org.postgresql.jdbc.PgConnection@7c525a29
02:18:51.483 [restartedMain] INFO  com.zaxxer.hikari.HikariDataSource - HikariPool-1 - Start completed.
02:18:52.166 [restartedMain] WARN  o.h.b.i.SessionFactoryOptionsBuilder - Unrecognized hibernate.hbm2ddl.auto value: 'drop-and-create'.  Supported values include 'create', 'create-drop', 'create-only', 'drop', 'update', 'none' and 'validate'.  Ignoring
02:18:52.173 [restartedMain] INFO  o.h.b.i.BytecodeProviderInitiator - HHH000021: Bytecode provider name : bytebuddy
02:18:54.238 [restartedMain] INFO  o.h.e.t.j.p.i.JtaPlatformInitiator - HHH000490: Using JtaPlatform implementation: [org.hibernate.engine.transaction.jta.platform.internal.NoJtaPlatform]
02:18:54.511 [restartedMain] INFO  o.s.o.j.LocalContainerEntityManagerFactoryBean - Initialized JPA EntityManagerFactory for persistence unit 'default'
02:18:55.148 [restartedMain] INFO  o.s.d.j.r.query.QueryEnhancerFactory - Hibernate is in classpath; If applicable, HQL parser will be used.
02:18:56.977 [restartedMain] WARN  o.s.b.a.o.j.JpaBaseConfiguration$JpaWebConfiguration - spring.jpa.open-in-view is enabled by default. Therefore, database queries may be performed during view rendering. Explicitly configure spring.jpa.open-in-view to disable this warning
02:18:57.611 [restartedMain] WARN  o.s.b.a.s.s.UserDetailsServiceAutoConfiguration - 

Using generated security password: e9fedc03-ddbc-4eaa-8603-34dc4379d18e

This generated password is for development use only. Your security configuration must be updated before running your application in production.

02:18:57.897 [restartedMain] INFO  o.s.s.web.DefaultSecurityFilterChain - Will secure any request with [org.springframework.security.web.session.DisableEncodeUrlFilter@7ce171a9, org.springframework.security.web.context.request.async.WebAsyncManagerIntegrationFilter@17a4b0ac, org.springframework.security.web.context.SecurityContextHolderFilter@74340d08, org.springframework.security.web.header.HeaderWriterFilter@6389a1c2, org.springframework.security.web.csrf.CsrfFilter@568db124, org.springframework.security.web.authentication.logout.LogoutFilter@1f7995d4, org.springframework.security.web.authentication.UsernamePasswordAuthenticationFilter@317501db, org.springframework.security.web.authentication.ui.DefaultLoginPageGeneratingFilter@54cf53a, org.springframework.security.web.authentication.ui.DefaultLogoutPageGeneratingFilter@39b0b5a0, org.springframework.security.web.authentication.www.BasicAuthenticationFilter@6edb869, org.springframework.security.web.savedrequest.RequestCacheAwareFilter@7515da59, org.springframework.security.web.servletapi.SecurityContextHolderAwareRequestFilter@375505d8, org.springframework.security.web.authentication.AnonymousAuthenticationFilter@69772e07, org.springframework.security.web.access.ExceptionTranslationFilter@6b04e56d, org.springframework.security.web.access.intercept.AuthorizationFilter@5c8e1410]
02:18:57.961 [restartedMain] INFO  o.s.b.d.a.OptionalLiveReloadServer - LiveReload server is running on port 35729
02:18:58.042 [restartedMain] INFO  o.s.b.w.e.tomcat.TomcatWebServer - Tomcat started on port(s): 8080 (http) with context path ''
02:18:58.061 [restartedMain] INFO  P.PolyHealthCenterApplication - Started PolyHealthCenterApplication in 12.4 seconds (process running for 15.017)
02:20:19.462 [RMI TCP Connection(2)-127.0.0.1] INFO  o.s.b.a.SpringApplicationAdminMXBeanRegistrar$SpringApplicationAdmin - Application shutdown requested.
02:20:19.485 [RMI TCP Connection(2)-127.0.0.1] INFO  o.a.catalina.core.StandardService - Stopping service [Tomcat]
02:20:19.498 [RMI TCP Connection(2)-127.0.0.1] INFO  o.s.o.j.LocalContainerEntityManagerFactoryBean - Closing JPA EntityManagerFactory for persistence unit 'default'
02:20:19.505 [RMI TCP Connection(2)-127.0.0.1] INFO  com.zaxxer.hikari.HikariDataSource - HikariPool-1 - Shutdown initiated...
02:20:19.516 [RMI TCP Connection(2)-127.0.0.1] INFO  com.zaxxer.hikari.HikariDataSource - HikariPool-1 - Shutdown completed.
02:25:14.784 [restartedMain] INFO  P.PolyHealthCenterApplication - Starting PolyHealthCenterApplication using Java 17.0.7 with PID 8332 (C:\Users\Micro\Desktop\PolyHealthCenter\PolyHealthCenter\target\classes started by Micro in C:\Users\Micro\Desktop\PolyHealthCenter\PolyHealthCenter)
02:25:14.787 [restartedMain] INFO  P.PolyHealthCenterApplication - No active profile set, falling back to 1 default profile: "default"
02:25:14.873 [restartedMain] INFO  o.s.b.d.e.DevToolsPropertyDefaultsPostProcessor - Devtools property defaults active! Set 'spring.devtools.add-properties' to 'false' to disable
02:25:14.873 [restartedMain] INFO  o.s.b.d.e.DevToolsPropertyDefaultsPostProcessor - For additional web related logging consider setting the 'logging.level.web' property to 'DEBUG'
02:25:16.070 [restartedMain] INFO  o.s.d.r.c.RepositoryConfigurationDelegate - Bootstrapping Spring Data JPA repositories in DEFAULT mode.
02:25:16.240 [restartedMain] INFO  o.s.d.r.c.RepositoryConfigurationDelegate - Finished Spring Data repository scanning in 152 ms. Found 5 JPA repository interfaces.
02:25:17.509 [restartedMain] INFO  o.s.b.w.e.tomcat.TomcatWebServer - Tomcat initialized with port(s): 8080 (http)
02:25:17.522 [restartedMain] INFO  o.a.catalina.core.StandardService - Starting service [Tomcat]
02:25:17.522 [restartedMain] INFO  o.a.catalina.core.StandardEngine - Starting Servlet engine: [Apache Tomcat/10.1.10]
02:25:17.664 [restartedMain] INFO  o.a.c.c.C.[Tomcat].[localhost].[/] - Initializing Spring embedded WebApplicationContext
02:25:17.665 [restartedMain] INFO  o.s.b.w.s.c.ServletWebServerApplicationContext - Root WebApplicationContext: initialization completed in 2790 ms
02:25:18.002 [restartedMain] INFO  o.h.jpa.internal.util.LogHelper - HHH000204: Processing PersistenceUnitInfo [name: default]
02:25:18.101 [restartedMain] INFO  org.hibernate.Version - HHH000412: Hibernate ORM core version 6.2.5.Final
02:25:18.105 [restartedMain] INFO  org.hibernate.cfg.Environment - HHH000406: Using bytecode reflection optimizer
02:25:18.333 [restartedMain] INFO  o.h.b.i.BytecodeProviderInitiator - HHH000021: Bytecode provider name : bytebuddy
02:25:18.612 [restartedMain] INFO  o.s.o.j.p.SpringPersistenceUnitInfo - No LoadTimeWeaver setup: ignoring JPA class transformer
02:25:18.645 [restartedMain] INFO  com.zaxxer.hikari.HikariDataSource - HikariPool-1 - Starting...
02:25:18.997 [restartedMain] INFO  com.zaxxer.hikari.pool.HikariPool - HikariPool-1 - Added connection org.postgresql.jdbc.PgConnection@6ef9bdae
02:25:19.001 [restartedMain] INFO  com.zaxxer.hikari.HikariDataSource - HikariPool-1 - Start completed.
02:25:19.618 [restartedMain] WARN  o.h.b.i.SessionFactoryOptionsBuilder - Unrecognized hibernate.hbm2ddl.auto value: 'drop-and-create'.  Supported values include 'create', 'create-drop', 'create-only', 'drop', 'update', 'none' and 'validate'.  Ignoring
02:25:19.622 [restartedMain] INFO  o.h.b.i.BytecodeProviderInitiator - HHH000021: Bytecode provider name : bytebuddy
02:25:21.280 [restartedMain] INFO  o.h.e.t.j.p.i.JtaPlatformInitiator - HHH000490: Using JtaPlatform implementation: [org.hibernate.engine.transaction.jta.platform.internal.NoJtaPlatform]
02:25:21.521 [restartedMain] INFO  o.s.o.j.LocalContainerEntityManagerFactoryBean - Initialized JPA EntityManagerFactory for persistence unit 'default'
02:25:22.161 [restartedMain] INFO  o.s.d.j.r.query.QueryEnhancerFactory - Hibernate is in classpath; If applicable, HQL parser will be used.
02:25:23.682 [restartedMain] WARN  o.s.b.a.o.j.JpaBaseConfiguration$JpaWebConfiguration - spring.jpa.open-in-view is enabled by default. Therefore, database queries may be performed during view rendering. Explicitly configure spring.jpa.open-in-view to disable this warning
02:25:24.296 [restartedMain] WARN  o.s.b.a.s.s.UserDetailsServiceAutoConfiguration - 

Using generated security password: fac43f26-d70b-4bbb-9a8f-a74392ca582d

This generated password is for development use only. Your security configuration must be updated before running your application in production.

02:25:24.562 [restartedMain] INFO  o.s.s.web.DefaultSecurityFilterChain - Will secure any request with [org.springframework.security.web.session.DisableEncodeUrlFilter@385a6851, org.springframework.security.web.context.request.async.WebAsyncManagerIntegrationFilter@14d8c5de, org.springframework.security.web.context.SecurityContextHolderFilter@3d42a5d9, org.springframework.security.web.header.HeaderWriterFilter@404e79d1, org.springframework.security.web.csrf.CsrfFilter@1882e10f, org.springframework.security.web.authentication.logout.LogoutFilter@5eb3598a, org.springframework.security.web.authentication.UsernamePasswordAuthenticationFilter@32fbcc9b, org.springframework.security.web.authentication.ui.DefaultLoginPageGeneratingFilter@74340d08, org.springframework.security.web.authentication.ui.DefaultLogoutPageGeneratingFilter@dba6547, org.springframework.security.web.authentication.www.BasicAuthenticationFilter@5c8e1410, org.springframework.security.web.savedrequest.RequestCacheAwareFilter@584af3c4, org.springframework.security.web.servletapi.SecurityContextHolderAwareRequestFilter@6b04e56d, org.springframework.security.web.authentication.AnonymousAuthenticationFilter@1523361d, org.springframework.security.web.access.ExceptionTranslationFilter@77f7088, org.springframework.security.web.access.intercept.AuthorizationFilter@54c2c0d1]
02:25:24.638 [restartedMain] INFO  o.s.b.d.a.OptionalLiveReloadServer - LiveReload server is running on port 35729
02:25:24.702 [restartedMain] INFO  o.s.b.w.e.tomcat.TomcatWebServer - Tomcat started on port(s): 8080 (http) with context path ''
02:25:24.727 [restartedMain] INFO  P.PolyHealthCenterApplication - Started PolyHealthCenterApplication in 10.702 seconds (process running for 12.419)
02:26:22.284 [File Watcher] INFO  o.s.b.d.a.LocalDevToolsAutoConfiguration$RestartingClassPathChangeChangedEventListener - Restarting due to 1 class path change (0 additions, 0 deletions, 1 modification)
02:26:22.332 [Thread-5] INFO  o.a.catalina.core.StandardService - Stopping service [Tomcat]
02:26:22.354 [Thread-5] INFO  o.s.o.j.LocalContainerEntityManagerFactoryBean - Closing JPA EntityManagerFactory for persistence unit 'default'
02:26:22.364 [Thread-5] INFO  com.zaxxer.hikari.HikariDataSource - HikariPool-1 - Shutdown initiated...
02:26:22.395 [Thread-5] INFO  com.zaxxer.hikari.HikariDataSource - HikariPool-1 - Shutdown completed.
02:26:22.556 [restartedMain] INFO  P.PolyHealthCenterApplication - Starting PolyHealthCenterApplication using Java 17.0.7 with PID 8332 (C:\Users\Micro\Desktop\PolyHealthCenter\PolyHealthCenter\target\classes started by Micro in C:\Users\Micro\Desktop\PolyHealthCenter\PolyHealthCenter)
02:26:22.557 [restartedMain] INFO  P.PolyHealthCenterApplication - No active profile set, falling back to 1 default profile: "default"
02:26:22.919 [restartedMain] INFO  o.s.d.r.c.RepositoryConfigurationDelegate - Bootstrapping Spring Data JPA repositories in DEFAULT mode.
02:26:22.947 [restartedMain] INFO  o.s.d.r.c.RepositoryConfigurationDelegate - Finished Spring Data repository scanning in 26 ms. Found 5 JPA repository interfaces.
02:26:23.166 [restartedMain] INFO  o.s.b.w.e.tomcat.TomcatWebServer - Tomcat initialized with port(s): 8080 (http)
02:26:23.168 [restartedMain] INFO  o.a.catalina.core.StandardService - Starting service [Tomcat]
02:26:23.168 [restartedMain] INFO  o.a.catalina.core.StandardEngine - Starting Servlet engine: [Apache Tomcat/10.1.10]
02:26:23.225 [restartedMain] INFO  o.a.c.c.C.[Tomcat].[localhost].[/] - Initializing Spring embedded WebApplicationContext
02:26:23.226 [restartedMain] INFO  o.s.b.w.s.c.ServletWebServerApplicationContext - Root WebApplicationContext: initialization completed in 664 ms
02:26:23.502 [restartedMain] INFO  o.h.jpa.internal.util.LogHelper - HHH000204: Processing PersistenceUnitInfo [name: default]
02:26:23.529 [restartedMain] INFO  o.h.b.i.BytecodeProviderInitiator - HHH000021: Bytecode provider name : bytebuddy
02:26:23.530 [restartedMain] INFO  o.s.o.j.p.SpringPersistenceUnitInfo - No LoadTimeWeaver setup: ignoring JPA class transformer
02:26:23.539 [restartedMain] INFO  com.zaxxer.hikari.HikariDataSource - HikariPool-2 - Starting...
02:26:23.697 [restartedMain] INFO  com.zaxxer.hikari.pool.HikariPool - HikariPool-2 - Added connection org.postgresql.jdbc.PgConnection@717ebf2c
02:26:23.697 [restartedMain] INFO  com.zaxxer.hikari.HikariDataSource - HikariPool-2 - Start completed.
02:26:23.779 [restartedMain] WARN  o.h.b.i.SessionFactoryOptionsBuilder - Unrecognized hibernate.hbm2ddl.auto value: 'drop-and-create'.  Supported values include 'create', 'create-drop', 'create-only', 'drop', 'update', 'none' and 'validate'.  Ignoring
02:26:23.781 [restartedMain] INFO  o.h.b.i.BytecodeProviderInitiator - HHH000021: Bytecode provider name : bytebuddy
02:26:24.261 [restartedMain] INFO  o.h.e.t.j.p.i.JtaPlatformInitiator - HHH000490: Using JtaPlatform implementation: [org.hibernate.engine.transaction.jta.platform.internal.NoJtaPlatform]
02:26:24.478 [restartedMain] INFO  o.s.o.j.LocalContainerEntityManagerFactoryBean - Initialized JPA EntityManagerFactory for persistence unit 'default'
02:26:25.595 [restartedMain] WARN  o.s.b.a.o.j.JpaBaseConfiguration$JpaWebConfiguration - spring.jpa.open-in-view is enabled by default. Therefore, database queries may be performed during view rendering. Explicitly configure spring.jpa.open-in-view to disable this warning
02:26:26.128 [restartedMain] WARN  o.s.b.a.s.s.UserDetailsServiceAutoConfiguration - 

Using generated security password: 7161b06d-c820-41ff-90dc-c7dc36e3fa21

This generated password is for development use only. Your security configuration must be updated before running your application in production.

02:26:26.223 [restartedMain] INFO  o.s.s.web.DefaultSecurityFilterChain - Will secure any request with [org.springframework.security.web.session.DisableEncodeUrlFilter@2c81fbe2, org.springframework.security.web.context.request.async.WebAsyncManagerIntegrationFilter@39749372, org.springframework.security.web.context.SecurityContextHolderFilter@41840343, org.springframework.security.web.header.HeaderWriterFilter@23815cad, org.springframework.security.web.csrf.CsrfFilter@3c79c203, org.springframework.security.web.authentication.logout.LogoutFilter@31f1c4f2, org.springframework.security.web.authentication.UsernamePasswordAuthenticationFilter@26374d01, org.springframework.security.web.authentication.ui.DefaultLoginPageGeneratingFilter@1e9affd7, org.springframework.security.web.authentication.ui.DefaultLogoutPageGeneratingFilter@25378e18, org.springframework.security.web.authentication.www.BasicAuthenticationFilter@195edb61, org.springframework.security.web.savedrequest.RequestCacheAwareFilter@339fb8aa, org.springframework.security.web.servletapi.SecurityContextHolderAwareRequestFilter@37d7b9b4, org.springframework.security.web.authentication.AnonymousAuthenticationFilter@4a5ddc0c, org.springframework.security.web.access.ExceptionTranslationFilter@b11fba6, org.springframework.security.web.access.intercept.AuthorizationFilter@72cce58d]
02:26:26.298 [restartedMain] INFO  o.s.b.d.a.OptionalLiveReloadServer - LiveReload server is running on port 35729
02:26:26.384 [restartedMain] INFO  o.s.b.w.e.tomcat.TomcatWebServer - Tomcat started on port(s): 8080 (http) with context path ''
02:26:26.408 [restartedMain] INFO  P.PolyHealthCenterApplication - Started PolyHealthCenterApplication in 3.895 seconds (process running for 74.1)
